<?xml version="1.0" encoding="UTF-8"?>
<testsuite xmlns:xsi="http://www.w3.org/2001/XMLSchema-instance" xsi:noNamespaceSchemaLocation="https://maven.apache.org/surefire/maven-surefire-plugin/xsd/surefire-test-report.xsd" name="org.n11graduationproject.restaurantservice.RestaurantServiceApplicationTests" time="1.701" tests="1" errors="0" skipped="0" failures="0">
  <properties>
    <property name="java.specification.version" value="17"/>
    <property name="sun.jnu.encoding" value="UTF-8"/>
    <property name="java.class.path" value="/home/raif/final-case/RestaurantService/target/test-classes:/home/raif/final-case/RestaurantService/target/classes:/home/raif/.m2/repository/org/springframework/boot/spring-boot-starter-web/2.7.7/spring-boot-starter-web-2.7.7.jar:/home/raif/.m2/repository/org/springframework/boot/spring-boot-starter/2.7.7/spring-boot-starter-2.7.7.jar:/home/raif/.m2/repository/org/springframework/boot/spring-boot/2.7.7/spring-boot-2.7.7.jar:/home/raif/.m2/repository/org/springframework/boot/spring-boot-autoconfigure/2.7.7/spring-boot-autoconfigure-2.7.7.jar:/home/raif/.m2/repository/org/springframework/boot/spring-boot-starter-logging/2.7.7/spring-boot-starter-logging-2.7.7.jar:/home/raif/.m2/repository/ch/qos/logback/logback-classic/1.2.11/logback-classic-1.2.11.jar:/home/raif/.m2/repository/ch/qos/logback/logback-core/1.2.11/logback-core-1.2.11.jar:/home/raif/.m2/repository/org/apache/logging/log4j/log4j-to-slf4j/2.17.2/log4j-to-slf4j-2.17.2.jar:/home/raif/.m2/repository/org/apache/logging/log4j/log4j-api/2.17.2/log4j-api-2.17.2.jar:/home/raif/.m2/repository/org/slf4j/jul-to-slf4j/1.7.36/jul-to-slf4j-1.7.36.jar:/home/raif/.m2/repository/jakarta/annotation/jakarta.annotation-api/1.3.5/jakarta.annotation-api-1.3.5.jar:/home/raif/.m2/repository/org/yaml/snakeyaml/1.30/snakeyaml-1.30.jar:/home/raif/.m2/repository/org/springframework/boot/spring-boot-starter-json/2.7.7/spring-boot-starter-json-2.7.7.jar:/home/raif/.m2/repository/com/fasterxml/jackson/datatype/jackson-datatype-jdk8/2.13.4/jackson-datatype-jdk8-2.13.4.jar:/home/raif/.m2/repository/com/fasterxml/jackson/datatype/jackson-datatype-jsr310/2.13.4/jackson-datatype-jsr310-2.13.4.jar:/home/raif/.m2/repository/com/fasterxml/jackson/module/jackson-module-parameter-names/2.13.4/jackson-module-parameter-names-2.13.4.jar:/home/raif/.m2/repository/org/springframework/boot/spring-boot-starter-tomcat/2.7.7/spring-boot-starter-tomcat-2.7.7.jar:/home/raif/.m2/repository/org/apache/tomcat/embed/tomcat-embed-core/9.0.70/tomcat-embed-core-9.0.70.jar:/home/raif/.m2/repository/org/apache/tomcat/embed/tomcat-embed-websocket/9.0.70/tomcat-embed-websocket-9.0.70.jar:/home/raif/.m2/repository/org/springframework/spring-web/5.3.24/spring-web-5.3.24.jar:/home/raif/.m2/repository/org/springframework/spring-beans/5.3.24/spring-beans-5.3.24.jar:/home/raif/.m2/repository/org/springframework/spring-webmvc/5.3.24/spring-webmvc-5.3.24.jar:/home/raif/.m2/repository/org/springframework/spring-aop/5.3.24/spring-aop-5.3.24.jar:/home/raif/.m2/repository/org/springframework/spring-expression/5.3.24/spring-expression-5.3.24.jar:/home/raif/.m2/repository/org/springframework/data/spring-data-solr/4.3.14/spring-data-solr-4.3.14.jar:/home/raif/.m2/repository/org/springframework/spring-context/5.3.24/spring-context-5.3.24.jar:/home/raif/.m2/repository/org/springframework/spring-tx/5.3.24/spring-tx-5.3.24.jar:/home/raif/.m2/repository/org/springframework/data/spring-data-commons/2.7.6/spring-data-commons-2.7.6.jar:/home/raif/.m2/repository/org/apache/commons/commons-lang3/3.12.0/commons-lang3-3.12.0.jar:/home/raif/.m2/repository/org/apache/solr/solr-solrj/8.11.2/solr-solrj-8.11.2.jar:/home/raif/.m2/repository/com/fasterxml/woodstox/woodstox-core/6.2.4/woodstox-core-6.2.4.jar:/home/raif/.m2/repository/commons-io/commons-io/2.8.0/commons-io-2.8.0.jar:/home/raif/.m2/repository/commons-lang/commons-lang/2.6/commons-lang-2.6.jar:/home/raif/.m2/repository/io/netty/netty-buffer/4.1.86.Final/netty-buffer-4.1.86.Final.jar:/home/raif/.m2/repository/io/netty/netty-codec/4.1.86.Final/netty-codec-4.1.86.Final.jar:/home/raif/.m2/repository/io/netty/netty-common/4.1.86.Final/netty-common-4.1.86.Final.jar:/home/raif/.m2/repository/io/netty/netty-handler/4.1.86.Final/netty-handler-4.1.86.Final.jar:/home/raif/.m2/repository/io/netty/netty-resolver/4.1.86.Final/netty-resolver-4.1.86.Final.jar:/home/raif/.m2/repository/io/netty/netty-transport/4.1.86.Final/netty-transport-4.1.86.Final.jar:/home/raif/.m2/repository/io/netty/netty-transport-native-epoll/4.1.86.Final/netty-transport-native-epoll-4.1.86.Final.jar:/home/raif/.m2/repository/io/netty/netty-transport-classes-epoll/4.1.86.Final/netty-transport-classes-epoll-4.1.86.Final.jar:/home/raif/.m2/repository/io/netty/netty-transport-native-unix-common/4.1.86.Final/netty-transport-native-unix-common-4.1.86.Final.jar:/home/raif/.m2/repository/org/apache/commons/commons-math3/3.6.1/commons-math3-3.6.1.jar:/home/raif/.m2/repository/org/apache/httpcomponents/httpclient/4.5.14/httpclient-4.5.14.jar:/home/raif/.m2/repository/org/apache/httpcomponents/httpcore/4.4.16/httpcore-4.4.16.jar:/home/raif/.m2/repository/org/apache/httpcomponents/httpmime/4.5.14/httpmime-4.5.14.jar:/home/raif/.m2/repository/org/apache/zookeeper/zookeeper/3.6.2/zookeeper-3.6.2.jar:/home/raif/.m2/repository/org/apache/zookeeper/zookeeper-jute/3.6.2/zookeeper-jute-3.6.2.jar:/home/raif/.m2/repository/org/eclipse/jetty/jetty-alpn-client/9.4.50.v20221201/jetty-alpn-client-9.4.50.v20221201.jar:/home/raif/.m2/repository/org/eclipse/jetty/jetty-alpn-java-client/9.4.50.v20221201/jetty-alpn-java-client-9.4.50.v20221201.jar:/home/raif/.m2/repository/org/eclipse/jetty/jetty-client/9.4.50.v20221201/jetty-client-9.4.50.v20221201.jar:/home/raif/.m2/repository/org/eclipse/jetty/jetty-http/9.4.50.v20221201/jetty-http-9.4.50.v20221201.jar:/home/raif/.m2/repository/org/eclipse/jetty/jetty-io/9.4.50.v20221201/jetty-io-9.4.50.v20221201.jar:/home/raif/.m2/repository/org/eclipse/jetty/jetty-util/9.4.50.v20221201/jetty-util-9.4.50.v20221201.jar:/home/raif/.m2/repository/org/eclipse/jetty/http2/http2-client/9.4.50.v20221201/http2-client-9.4.50.v20221201.jar:/home/raif/.m2/repository/org/eclipse/jetty/http2/http2-common/9.4.50.v20221201/http2-common-9.4.50.v20221201.jar:/home/raif/.m2/repository/org/eclipse/jetty/http2/http2-hpack/9.4.50.v20221201/http2-hpack-9.4.50.v20221201.jar:/home/raif/.m2/repository/org/eclipse/jetty/http2/http2-http-client-transport/9.4.50.v20221201/http2-http-client-transport-9.4.50.v20221201.jar:/home/raif/.m2/repository/org/xerial/snappy/snappy-java/1.1.7.6/snappy-java-1.1.7.6.jar:/home/raif/.m2/repository/com/fasterxml/jackson/core/jackson-databind/2.13.4.2/jackson-databind-2.13.4.2.jar:/home/raif/.m2/repository/com/fasterxml/jackson/core/jackson-annotations/2.13.4/jackson-annotations-2.13.4.jar:/home/raif/.m2/repository/com/fasterxml/jackson/core/jackson-core/2.13.4/jackson-core-2.13.4.jar:/home/raif/.m2/repository/org/slf4j/slf4j-api/1.7.36/slf4j-api-1.7.36.jar:/home/raif/.m2/repository/org/springframework/boot/spring-boot-starter-validation/2.7.7/spring-boot-starter-validation-2.7.7.jar:/home/raif/.m2/repository/org/apache/tomcat/embed/tomcat-embed-el/9.0.70/tomcat-embed-el-9.0.70.jar:/home/raif/.m2/repository/org/hibernate/validator/hibernate-validator/6.2.5.Final/hibernate-validator-6.2.5.Final.jar:/home/raif/.m2/repository/jakarta/validation/jakarta.validation-api/2.0.2/jakarta.validation-api-2.0.2.jar:/home/raif/.m2/repository/org/jboss/logging/jboss-logging/3.4.3.Final/jboss-logging-3.4.3.Final.jar:/home/raif/.m2/repository/com/fasterxml/classmate/1.5.1/classmate-1.5.1.jar:/home/raif/.m2/repository/org/springdoc/springdoc-openapi-ui/1.6.12/springdoc-openapi-ui-1.6.12.jar:/home/raif/.m2/repository/org/springdoc/springdoc-openapi-webmvc-core/1.6.12/springdoc-openapi-webmvc-core-1.6.12.jar:/home/raif/.m2/repository/org/springdoc/springdoc-openapi-common/1.6.12/springdoc-openapi-common-1.6.12.jar:/home/raif/.m2/repository/io/swagger/core/v3/swagger-core/2.2.4/swagger-core-2.2.4.jar:/home/raif/.m2/repository/com/fasterxml/jackson/dataformat/jackson-dataformat-yaml/2.13.4/jackson-dataformat-yaml-2.13.4.jar:/home/raif/.m2/repository/io/swagger/core/v3/swagger-annotations/2.2.4/swagger-annotations-2.2.4.jar:/home/raif/.m2/repository/io/swagger/core/v3/swagger-models/2.2.4/swagger-models-2.2.4.jar:/home/raif/.m2/repository/org/webjars/swagger-ui/4.14.3/swagger-ui-4.14.3.jar:/home/raif/.m2/repository/org/webjars/webjars-locator-core/0.50/webjars-locator-core-0.50.jar:/home/raif/.m2/repository/io/github/classgraph/classgraph/4.8.149/classgraph-4.8.149.jar:/home/raif/.m2/repository/org/springframework/boot/spring-boot-starter-test/2.7.7/spring-boot-starter-test-2.7.7.jar:/home/raif/.m2/repository/org/springframework/boot/spring-boot-test/2.7.7/spring-boot-test-2.7.7.jar:/home/raif/.m2/repository/org/springframework/boot/spring-boot-test-autoconfigure/2.7.7/spring-boot-test-autoconfigure-2.7.7.jar:/home/raif/.m2/repository/com/jayway/jsonpath/json-path/2.7.0/json-path-2.7.0.jar:/home/raif/.m2/repository/net/minidev/json-smart/2.4.8/json-smart-2.4.8.jar:/home/raif/.m2/repository/net/minidev/accessors-smart/2.4.8/accessors-smart-2.4.8.jar:/home/raif/.m2/repository/org/ow2/asm/asm/9.1/asm-9.1.jar:/home/raif/.m2/repository/jakarta/xml/bind/jakarta.xml.bind-api/2.3.3/jakarta.xml.bind-api-2.3.3.jar:/home/raif/.m2/repository/jakarta/activation/jakarta.activation-api/1.2.2/jakarta.activation-api-1.2.2.jar:/home/raif/.m2/repository/org/assertj/assertj-core/3.22.0/assertj-core-3.22.0.jar:/home/raif/.m2/repository/org/hamcrest/hamcrest/2.2/hamcrest-2.2.jar:/home/raif/.m2/repository/org/junit/jupiter/junit-jupiter/5.8.2/junit-jupiter-5.8.2.jar:/home/raif/.m2/repository/org/junit/jupiter/junit-jupiter-api/5.8.2/junit-jupiter-api-5.8.2.jar:/home/raif/.m2/repository/org/opentest4j/opentest4j/1.2.0/opentest4j-1.2.0.jar:/home/raif/.m2/repository/org/junit/platform/junit-platform-commons/1.8.2/junit-platform-commons-1.8.2.jar:/home/raif/.m2/repository/org/apiguardian/apiguardian-api/1.1.2/apiguardian-api-1.1.2.jar:/home/raif/.m2/repository/org/junit/jupiter/junit-jupiter-params/5.8.2/junit-jupiter-params-5.8.2.jar:/home/raif/.m2/repository/org/junit/jupiter/junit-jupiter-engine/5.8.2/junit-jupiter-engine-5.8.2.jar:/home/raif/.m2/repository/org/junit/platform/junit-platform-engine/1.8.2/junit-platform-engine-1.8.2.jar:/home/raif/.m2/repository/org/mockito/mockito-core/4.5.1/mockito-core-4.5.1.jar:/home/raif/.m2/repository/net/bytebuddy/byte-buddy/1.12.20/byte-buddy-1.12.20.jar:/home/raif/.m2/repository/net/bytebuddy/byte-buddy-agent/1.12.20/byte-buddy-agent-1.12.20.jar:/home/raif/.m2/repository/org/objenesis/objenesis/3.2/objenesis-3.2.jar:/home/raif/.m2/repository/org/mockito/mockito-junit-jupiter/4.5.1/mockito-junit-jupiter-4.5.1.jar:/home/raif/.m2/repository/org/skyscreamer/jsonassert/1.5.1/jsonassert-1.5.1.jar:/home/raif/.m2/repository/com/vaadin/external/google/android-json/0.0.20131108.vaadin1/android-json-0.0.20131108.vaadin1.jar:/home/raif/.m2/repository/org/springframework/spring-core/5.3.24/spring-core-5.3.24.jar:/home/raif/.m2/repository/org/springframework/spring-jcl/5.3.24/spring-jcl-5.3.24.jar:/home/raif/.m2/repository/org/springframework/spring-test/5.3.24/spring-test-5.3.24.jar:/home/raif/.m2/repository/org/xmlunit/xmlunit-core/2.9.0/xmlunit-core-2.9.0.jar:/home/raif/.m2/repository/org/springframework/cloud/spring-cloud-starter-openfeign/3.1.8/spring-cloud-starter-openfeign-3.1.8.jar:/home/raif/.m2/repository/org/springframework/cloud/spring-cloud-starter/3.1.7/spring-cloud-starter-3.1.7.jar:/home/raif/.m2/repository/org/springframework/cloud/spring-cloud-context/3.1.7/spring-cloud-context-3.1.7.jar:/home/raif/.m2/repository/org/springframework/security/spring-security-rsa/1.0.11.RELEASE/spring-security-rsa-1.0.11.RELEASE.jar:/home/raif/.m2/repository/org/bouncycastle/bcpkix-jdk15on/1.69/bcpkix-jdk15on-1.69.jar:/home/raif/.m2/repository/org/bouncycastle/bcprov-jdk15on/1.69/bcprov-jdk15on-1.69.jar:/home/raif/.m2/repository/org/bouncycastle/bcutil-jdk15on/1.69/bcutil-jdk15on-1.69.jar:/home/raif/.m2/repository/org/springframework/cloud/spring-cloud-openfeign-core/3.1.8/spring-cloud-openfeign-core-3.1.8.jar:/home/raif/.m2/repository/org/springframework/boot/spring-boot-starter-aop/2.7.7/spring-boot-starter-aop-2.7.7.jar:/home/raif/.m2/repository/org/aspectj/aspectjweaver/1.9.7/aspectjweaver-1.9.7.jar:/home/raif/.m2/repository/io/github/openfeign/form/feign-form-spring/3.8.0/feign-form-spring-3.8.0.jar:/home/raif/.m2/repository/io/github/openfeign/form/feign-form/3.8.0/feign-form-3.8.0.jar:/home/raif/.m2/repository/commons-fileupload/commons-fileupload/1.5/commons-fileupload-1.5.jar:/home/raif/.m2/repository/org/springframework/cloud/spring-cloud-commons/3.1.7/spring-cloud-commons-3.1.7.jar:/home/raif/.m2/repository/org/springframework/security/spring-security-crypto/5.7.6/spring-security-crypto-5.7.6.jar:/home/raif/.m2/repository/io/github/openfeign/feign-core/11.10/feign-core-11.10.jar:/home/raif/.m2/repository/io/github/openfeign/feign-slf4j/11.10/feign-slf4j-11.10.jar:/home/raif/.m2/repository/org/projectlombok/lombok/1.18.24/lombok-1.18.24.jar:/home/raif/.m2/repository/org/mapstruct/mapstruct/1.4.2.Final/mapstruct-1.4.2.Final.jar:/home/raif/.m2/repository/org/mapstruct/mapstruct-processor/1.4.2.Final/mapstruct-processor-1.4.2.Final.jar:"/>
    <property name="java.vm.vendor" value="Oracle Corporation"/>
    <property name="sun.arch.data.model" value="64"/>
    <property name="java.vendor.url" value="https://java.oracle.com/"/>
    <property name="os.name" value="Linux"/>
    <property name="java.vm.specification.version" value="17"/>
    <property name="sun.java.launcher" value="SUN_STANDARD"/>
    <property name="user.country" value="US"/>
    <property name="sun.boot.library.path" value="/usr/lib/jvm/jdk-17-oracle-x64/lib"/>
    <property name="sun.java.command" value="/home/raif/final-case/RestaurantService/target/surefire/surefirebooter4087867190426646921.jar /home/raif/final-case/RestaurantService/target/surefire 2024-03-16T12-44-41_651-jvmRun1 surefire14272514022312289912tmp surefire_011527895594846927533tmp"/>
    <property name="jdk.debug" value="release"/>
    <property name="surefire.test.class.path" value="/home/raif/final-case/RestaurantService/target/test-classes:/home/raif/final-case/RestaurantService/target/classes:/home/raif/.m2/repository/org/springframework/boot/spring-boot-starter-web/2.7.7/spring-boot-starter-web-2.7.7.jar:/home/raif/.m2/repository/org/springframework/boot/spring-boot-starter/2.7.7/spring-boot-starter-2.7.7.jar:/home/raif/.m2/repository/org/springframework/boot/spring-boot/2.7.7/spring-boot-2.7.7.jar:/home/raif/.m2/repository/org/springframework/boot/spring-boot-autoconfigure/2.7.7/spring-boot-autoconfigure-2.7.7.jar:/home/raif/.m2/repository/org/springframework/boot/spring-boot-starter-logging/2.7.7/spring-boot-starter-logging-2.7.7.jar:/home/raif/.m2/repository/ch/qos/logback/logback-classic/1.2.11/logback-classic-1.2.11.jar:/home/raif/.m2/repository/ch/qos/logback/logback-core/1.2.11/logback-core-1.2.11.jar:/home/raif/.m2/repository/org/apache/logging/log4j/log4j-to-slf4j/2.17.2/log4j-to-slf4j-2.17.2.jar:/home/raif/.m2/repository/org/apache/logging/log4j/log4j-api/2.17.2/log4j-api-2.17.2.jar:/home/raif/.m2/repository/org/slf4j/jul-to-slf4j/1.7.36/jul-to-slf4j-1.7.36.jar:/home/raif/.m2/repository/jakarta/annotation/jakarta.annotation-api/1.3.5/jakarta.annotation-api-1.3.5.jar:/home/raif/.m2/repository/org/yaml/snakeyaml/1.30/snakeyaml-1.30.jar:/home/raif/.m2/repository/org/springframework/boot/spring-boot-starter-json/2.7.7/spring-boot-starter-json-2.7.7.jar:/home/raif/.m2/repository/com/fasterxml/jackson/datatype/jackson-datatype-jdk8/2.13.4/jackson-datatype-jdk8-2.13.4.jar:/home/raif/.m2/repository/com/fasterxml/jackson/datatype/jackson-datatype-jsr310/2.13.4/jackson-datatype-jsr310-2.13.4.jar:/home/raif/.m2/repository/com/fasterxml/jackson/module/jackson-module-parameter-names/2.13.4/jackson-module-parameter-names-2.13.4.jar:/home/raif/.m2/repository/org/springframework/boot/spring-boot-starter-tomcat/2.7.7/spring-boot-starter-tomcat-2.7.7.jar:/home/raif/.m2/repository/org/apache/tomcat/embed/tomcat-embed-core/9.0.70/tomcat-embed-core-9.0.70.jar:/home/raif/.m2/repository/org/apache/tomcat/embed/tomcat-embed-websocket/9.0.70/tomcat-embed-websocket-9.0.70.jar:/home/raif/.m2/repository/org/springframework/spring-web/5.3.24/spring-web-5.3.24.jar:/home/raif/.m2/repository/org/springframework/spring-beans/5.3.24/spring-beans-5.3.24.jar:/home/raif/.m2/repository/org/springframework/spring-webmvc/5.3.24/spring-webmvc-5.3.24.jar:/home/raif/.m2/repository/org/springframework/spring-aop/5.3.24/spring-aop-5.3.24.jar:/home/raif/.m2/repository/org/springframework/spring-expression/5.3.24/spring-expression-5.3.24.jar:/home/raif/.m2/repository/org/springframework/data/spring-data-solr/4.3.14/spring-data-solr-4.3.14.jar:/home/raif/.m2/repository/org/springframework/spring-context/5.3.24/spring-context-5.3.24.jar:/home/raif/.m2/repository/org/springframework/spring-tx/5.3.24/spring-tx-5.3.24.jar:/home/raif/.m2/repository/org/springframework/data/spring-data-commons/2.7.6/spring-data-commons-2.7.6.jar:/home/raif/.m2/repository/org/apache/commons/commons-lang3/3.12.0/commons-lang3-3.12.0.jar:/home/raif/.m2/repository/org/apache/solr/solr-solrj/8.11.2/solr-solrj-8.11.2.jar:/home/raif/.m2/repository/com/fasterxml/woodstox/woodstox-core/6.2.4/woodstox-core-6.2.4.jar:/home/raif/.m2/repository/commons-io/commons-io/2.8.0/commons-io-2.8.0.jar:/home/raif/.m2/repository/commons-lang/commons-lang/2.6/commons-lang-2.6.jar:/home/raif/.m2/repository/io/netty/netty-buffer/4.1.86.Final/netty-buffer-4.1.86.Final.jar:/home/raif/.m2/repository/io/netty/netty-codec/4.1.86.Final/netty-codec-4.1.86.Final.jar:/home/raif/.m2/repository/io/netty/netty-common/4.1.86.Final/netty-common-4.1.86.Final.jar:/home/raif/.m2/repository/io/netty/netty-handler/4.1.86.Final/netty-handler-4.1.86.Final.jar:/home/raif/.m2/repository/io/netty/netty-resolver/4.1.86.Final/netty-resolver-4.1.86.Final.jar:/home/raif/.m2/repository/io/netty/netty-transport/4.1.86.Final/netty-transport-4.1.86.Final.jar:/home/raif/.m2/repository/io/netty/netty-transport-native-epoll/4.1.86.Final/netty-transport-native-epoll-4.1.86.Final.jar:/home/raif/.m2/repository/io/netty/netty-transport-classes-epoll/4.1.86.Final/netty-transport-classes-epoll-4.1.86.Final.jar:/home/raif/.m2/repository/io/netty/netty-transport-native-unix-common/4.1.86.Final/netty-transport-native-unix-common-4.1.86.Final.jar:/home/raif/.m2/repository/org/apache/commons/commons-math3/3.6.1/commons-math3-3.6.1.jar:/home/raif/.m2/repository/org/apache/httpcomponents/httpclient/4.5.14/httpclient-4.5.14.jar:/home/raif/.m2/repository/org/apache/httpcomponents/httpcore/4.4.16/httpcore-4.4.16.jar:/home/raif/.m2/repository/org/apache/httpcomponents/httpmime/4.5.14/httpmime-4.5.14.jar:/home/raif/.m2/repository/org/apache/zookeeper/zookeeper/3.6.2/zookeeper-3.6.2.jar:/home/raif/.m2/repository/org/apache/zookeeper/zookeeper-jute/3.6.2/zookeeper-jute-3.6.2.jar:/home/raif/.m2/repository/org/eclipse/jetty/jetty-alpn-client/9.4.50.v20221201/jetty-alpn-client-9.4.50.v20221201.jar:/home/raif/.m2/repository/org/eclipse/jetty/jetty-alpn-java-client/9.4.50.v20221201/jetty-alpn-java-client-9.4.50.v20221201.jar:/home/raif/.m2/repository/org/eclipse/jetty/jetty-client/9.4.50.v20221201/jetty-client-9.4.50.v20221201.jar:/home/raif/.m2/repository/org/eclipse/jetty/jetty-http/9.4.50.v20221201/jetty-http-9.4.50.v20221201.jar:/home/raif/.m2/repository/org/eclipse/jetty/jetty-io/9.4.50.v20221201/jetty-io-9.4.50.v20221201.jar:/home/raif/.m2/repository/org/eclipse/jetty/jetty-util/9.4.50.v20221201/jetty-util-9.4.50.v20221201.jar:/home/raif/.m2/repository/org/eclipse/jetty/http2/http2-client/9.4.50.v20221201/http2-client-9.4.50.v20221201.jar:/home/raif/.m2/repository/org/eclipse/jetty/http2/http2-common/9.4.50.v20221201/http2-common-9.4.50.v20221201.jar:/home/raif/.m2/repository/org/eclipse/jetty/http2/http2-hpack/9.4.50.v20221201/http2-hpack-9.4.50.v20221201.jar:/home/raif/.m2/repository/org/eclipse/jetty/http2/http2-http-client-transport/9.4.50.v20221201/http2-http-client-transport-9.4.50.v20221201.jar:/home/raif/.m2/repository/org/xerial/snappy/snappy-java/1.1.7.6/snappy-java-1.1.7.6.jar:/home/raif/.m2/repository/com/fasterxml/jackson/core/jackson-databind/2.13.4.2/jackson-databind-2.13.4.2.jar:/home/raif/.m2/repository/com/fasterxml/jackson/core/jackson-annotations/2.13.4/jackson-annotations-2.13.4.jar:/home/raif/.m2/repository/com/fasterxml/jackson/core/jackson-core/2.13.4/jackson-core-2.13.4.jar:/home/raif/.m2/repository/org/slf4j/slf4j-api/1.7.36/slf4j-api-1.7.36.jar:/home/raif/.m2/repository/org/springframework/boot/spring-boot-starter-validation/2.7.7/spring-boot-starter-validation-2.7.7.jar:/home/raif/.m2/repository/org/apache/tomcat/embed/tomcat-embed-el/9.0.70/tomcat-embed-el-9.0.70.jar:/home/raif/.m2/repository/org/hibernate/validator/hibernate-validator/6.2.5.Final/hibernate-validator-6.2.5.Final.jar:/home/raif/.m2/repository/jakarta/validation/jakarta.validation-api/2.0.2/jakarta.validation-api-2.0.2.jar:/home/raif/.m2/repository/org/jboss/logging/jboss-logging/3.4.3.Final/jboss-logging-3.4.3.Final.jar:/home/raif/.m2/repository/com/fasterxml/classmate/1.5.1/classmate-1.5.1.jar:/home/raif/.m2/repository/org/springdoc/springdoc-openapi-ui/1.6.12/springdoc-openapi-ui-1.6.12.jar:/home/raif/.m2/repository/org/springdoc/springdoc-openapi-webmvc-core/1.6.12/springdoc-openapi-webmvc-core-1.6.12.jar:/home/raif/.m2/repository/org/springdoc/springdoc-openapi-common/1.6.12/springdoc-openapi-common-1.6.12.jar:/home/raif/.m2/repository/io/swagger/core/v3/swagger-core/2.2.4/swagger-core-2.2.4.jar:/home/raif/.m2/repository/com/fasterxml/jackson/dataformat/jackson-dataformat-yaml/2.13.4/jackson-dataformat-yaml-2.13.4.jar:/home/raif/.m2/repository/io/swagger/core/v3/swagger-annotations/2.2.4/swagger-annotations-2.2.4.jar:/home/raif/.m2/repository/io/swagger/core/v3/swagger-models/2.2.4/swagger-models-2.2.4.jar:/home/raif/.m2/repository/org/webjars/swagger-ui/4.14.3/swagger-ui-4.14.3.jar:/home/raif/.m2/repository/org/webjars/webjars-locator-core/0.50/webjars-locator-core-0.50.jar:/home/raif/.m2/repository/io/github/classgraph/classgraph/4.8.149/classgraph-4.8.149.jar:/home/raif/.m2/repository/org/springframework/boot/spring-boot-starter-test/2.7.7/spring-boot-starter-test-2.7.7.jar:/home/raif/.m2/repository/org/springframework/boot/spring-boot-test/2.7.7/spring-boot-test-2.7.7.jar:/home/raif/.m2/repository/org/springframework/boot/spring-boot-test-autoconfigure/2.7.7/spring-boot-test-autoconfigure-2.7.7.jar:/home/raif/.m2/repository/com/jayway/jsonpath/json-path/2.7.0/json-path-2.7.0.jar:/home/raif/.m2/repository/net/minidev/json-smart/2.4.8/json-smart-2.4.8.jar:/home/raif/.m2/repository/net/minidev/accessors-smart/2.4.8/accessors-smart-2.4.8.jar:/home/raif/.m2/repository/org/ow2/asm/asm/9.1/asm-9.1.jar:/home/raif/.m2/repository/jakarta/xml/bind/jakarta.xml.bind-api/2.3.3/jakarta.xml.bind-api-2.3.3.jar:/home/raif/.m2/repository/jakarta/activation/jakarta.activation-api/1.2.2/jakarta.activation-api-1.2.2.jar:/home/raif/.m2/repository/org/assertj/assertj-core/3.22.0/assertj-core-3.22.0.jar:/home/raif/.m2/repository/org/hamcrest/hamcrest/2.2/hamcrest-2.2.jar:/home/raif/.m2/repository/org/junit/jupiter/junit-jupiter/5.8.2/junit-jupiter-5.8.2.jar:/home/raif/.m2/repository/org/junit/jupiter/junit-jupiter-api/5.8.2/junit-jupiter-api-5.8.2.jar:/home/raif/.m2/repository/org/opentest4j/opentest4j/1.2.0/opentest4j-1.2.0.jar:/home/raif/.m2/repository/org/junit/platform/junit-platform-commons/1.8.2/junit-platform-commons-1.8.2.jar:/home/raif/.m2/repository/org/apiguardian/apiguardian-api/1.1.2/apiguardian-api-1.1.2.jar:/home/raif/.m2/repository/org/junit/jupiter/junit-jupiter-params/5.8.2/junit-jupiter-params-5.8.2.jar:/home/raif/.m2/repository/org/junit/jupiter/junit-jupiter-engine/5.8.2/junit-jupiter-engine-5.8.2.jar:/home/raif/.m2/repository/org/junit/platform/junit-platform-engine/1.8.2/junit-platform-engine-1.8.2.jar:/home/raif/.m2/repository/org/mockito/mockito-core/4.5.1/mockito-core-4.5.1.jar:/home/raif/.m2/repository/net/bytebuddy/byte-buddy/1.12.20/byte-buddy-1.12.20.jar:/home/raif/.m2/repository/net/bytebuddy/byte-buddy-agent/1.12.20/byte-buddy-agent-1.12.20.jar:/home/raif/.m2/repository/org/objenesis/objenesis/3.2/objenesis-3.2.jar:/home/raif/.m2/repository/org/mockito/mockito-junit-jupiter/4.5.1/mockito-junit-jupiter-4.5.1.jar:/home/raif/.m2/repository/org/skyscreamer/jsonassert/1.5.1/jsonassert-1.5.1.jar:/home/raif/.m2/repository/com/vaadin/external/google/android-json/0.0.20131108.vaadin1/android-json-0.0.20131108.vaadin1.jar:/home/raif/.m2/repository/org/springframework/spring-core/5.3.24/spring-core-5.3.24.jar:/home/raif/.m2/repository/org/springframework/spring-jcl/5.3.24/spring-jcl-5.3.24.jar:/home/raif/.m2/repository/org/springframework/spring-test/5.3.24/spring-test-5.3.24.jar:/home/raif/.m2/repository/org/xmlunit/xmlunit-core/2.9.0/xmlunit-core-2.9.0.jar:/home/raif/.m2/repository/org/springframework/cloud/spring-cloud-starter-openfeign/3.1.8/spring-cloud-starter-openfeign-3.1.8.jar:/home/raif/.m2/repository/org/springframework/cloud/spring-cloud-starter/3.1.7/spring-cloud-starter-3.1.7.jar:/home/raif/.m2/repository/org/springframework/cloud/spring-cloud-context/3.1.7/spring-cloud-context-3.1.7.jar:/home/raif/.m2/repository/org/springframework/security/spring-security-rsa/1.0.11.RELEASE/spring-security-rsa-1.0.11.RELEASE.jar:/home/raif/.m2/repository/org/bouncycastle/bcpkix-jdk15on/1.69/bcpkix-jdk15on-1.69.jar:/home/raif/.m2/repository/org/bouncycastle/bcprov-jdk15on/1.69/bcprov-jdk15on-1.69.jar:/home/raif/.m2/repository/org/bouncycastle/bcutil-jdk15on/1.69/bcutil-jdk15on-1.69.jar:/home/raif/.m2/repository/org/springframework/cloud/spring-cloud-openfeign-core/3.1.8/spring-cloud-openfeign-core-3.1.8.jar:/home/raif/.m2/repository/org/springframework/boot/spring-boot-starter-aop/2.7.7/spring-boot-starter-aop-2.7.7.jar:/home/raif/.m2/repository/org/aspectj/aspectjweaver/1.9.7/aspectjweaver-1.9.7.jar:/home/raif/.m2/repository/io/github/openfeign/form/feign-form-spring/3.8.0/feign-form-spring-3.8.0.jar:/home/raif/.m2/repository/io/github/openfeign/form/feign-form/3.8.0/feign-form-3.8.0.jar:/home/raif/.m2/repository/commons-fileupload/commons-fileupload/1.5/commons-fileupload-1.5.jar:/home/raif/.m2/repository/org/springframework/cloud/spring-cloud-commons/3.1.7/spring-cloud-commons-3.1.7.jar:/home/raif/.m2/repository/org/springframework/security/spring-security-crypto/5.7.6/spring-security-crypto-5.7.6.jar:/home/raif/.m2/repository/io/github/openfeign/feign-core/11.10/feign-core-11.10.jar:/home/raif/.m2/repository/io/github/openfeign/feign-slf4j/11.10/feign-slf4j-11.10.jar:/home/raif/.m2/repository/org/projectlombok/lombok/1.18.24/lombok-1.18.24.jar:/home/raif/.m2/repository/org/mapstruct/mapstruct/1.4.2.Final/mapstruct-1.4.2.Final.jar:/home/raif/.m2/repository/org/mapstruct/mapstruct-processor/1.4.2.Final/mapstruct-processor-1.4.2.Final.jar:"/>
    <property name="sun.cpu.endian" value="little"/>
    <property name="user.home" value="/home/raif"/>
    <property name="user.language" value="en"/>
    <property name="java.specification.vendor" value="Oracle Corporation"/>
    <property name="java.version.date" value="2024-01-16"/>
    <property name="java.home" value="/usr/lib/jvm/jdk-17-oracle-x64"/>
    <property name="file.separator" value="/"/>
    <property name="basedir" value="/home/raif/final-case/RestaurantService"/>
    <property name="java.vm.compressedOopsMode" value="Zero based"/>
    <property name="line.separator" value="&#10;"/>
    <property name="java.vm.specification.vendor" value="Oracle Corporation"/>
    <property name="java.specification.name" value="Java Platform API Specification"/>
    <property name="surefire.real.class.path" value="/home/raif/final-case/RestaurantService/target/surefire/surefirebooter4087867190426646921.jar"/>
    <property name="sun.management.compiler" value="HotSpot 64-Bit Tiered Compilers"/>
    <property name="java.runtime.version" value="17.0.10+11-LTS-240"/>
    <property name="user.name" value="raif"/>
    <property name="path.separator" value=":"/>
    <property name="os.version" value="6.5.0-25-generic"/>
    <property name="java.runtime.name" value="Java(TM) SE Runtime Environment"/>
    <property name="file.encoding" value="UTF-8"/>
    <property name="java.vm.name" value="Java HotSpot(TM) 64-Bit Server VM"/>
    <property name="localRepository" value="/home/raif/.m2/repository"/>
    <property name="java.vendor.url.bug" value="https://bugreport.java.com/bugreport/"/>
    <property name="java.io.tmpdir" value="/tmp"/>
    <property name="idea.version" value="2023.3.5"/>
    <property name="java.version" value="17.0.10"/>
    <property name="user.dir" value="/home/raif/final-case/RestaurantService"/>
    <property name="os.arch" value="amd64"/>
    <property name="java.vm.specification.name" value="Java Virtual Machine Specification"/>
    <property name="native.encoding" value="UTF-8"/>
    <property name="java.library.path" value="/usr/java/packages/lib:/usr/lib64:/lib64:/lib:/usr/lib"/>
    <property name="java.vm.info" value="mixed mode, sharing"/>
    <property name="java.vendor" value="Oracle Corporation"/>
    <property name="java.vm.version" value="17.0.10+11-LTS-240"/>
    <property name="sun.io.unicode.encoding" value="UnicodeLittle"/>
    <property name="java.class.version" value="61.0"/>
  </properties>
  <testcase name="contextLoads" classname="org.n11graduationproject.restaurantservice.RestaurantServiceApplicationTests" time="0.152"/>
</testsuite>